{"/Users/joserodriguez/Documents/pursuitCore/capstone/backend/backend_server/app.js": {"path":"/Users/joserodriguez/Documents/pursuitCore/capstone/backend/backend_server/app.js","statementMap":{"0":{"start":{"line":2,"column":16},"end":{"line":2,"column":34}},"1":{"start":{"line":3,"column":19},"end":{"line":3,"column":41}},"2":{"start":{"line":4,"column":13},"end":{"line":4,"column":28}},"3":{"start":{"line":7,"column":25},"end":{"line":7,"column":49}},"4":{"start":{"line":8,"column":27},"end":{"line":8,"column":53}},"5":{"start":{"line":9,"column":28},"end":{"line":9,"column":55}},"6":{"start":{"line":12,"column":15},"end":{"line":23,"column":1}},"7":{"start":{"line":13,"column":16},"end":{"line":13,"column":25}},"8":{"start":{"line":15,"column":4},"end":{"line":15,"column":31}},"9":{"start":{"line":16,"column":4},"end":{"line":16,"column":20}},"10":{"start":{"line":18,"column":4},"end":{"line":18,"column":38}},"11":{"start":{"line":19,"column":4},"end":{"line":19,"column":42}},"12":{"start":{"line":20,"column":4},"end":{"line":20,"column":44}},"13":{"start":{"line":22,"column":4},"end":{"line":22,"column":15}},"14":{"start":{"line":25,"column":0},"end":{"line":27,"column":1}}},"fnMap":{"0":{"name":"(anonymous_0)","decl":{"start":{"line":12,"column":15},"end":{"line":12,"column":16}},"loc":{"start":{"line":12,"column":20},"end":{"line":23,"column":1}},"line":12}},"branchMap":{},"s":{"0":1,"1":1,"2":1,"3":1,"4":1,"5":1,"6":1,"7":1,"8":1,"9":1,"10":1,"11":1,"12":1,"13":1,"14":1},"f":{"0":1},"b":{},"_coverageSchema":"43e27e138ebf9cfc5966b082cf9a028302ed4184","hash":"4d46f8ca5708485d5f7476ccabbed005cc400262"}
,"/Users/joserodriguez/Documents/pursuitCore/capstone/backend/backend_server/routes/product.js": {"path":"/Users/joserodriguez/Documents/pursuitCore/capstone/backend/backend_server/routes/product.js","statementMap":{"0":{"start":{"line":7,"column":16},"end":{"line":7,"column":34}},"1":{"start":{"line":10,"column":24},"end":{"line":10,"column":55}},"2":{"start":{"line":12,"column":23},"end":{"line":29,"column":1}},"3":{"start":{"line":13,"column":18},"end":{"line":13,"column":32}},"4":{"start":{"line":14,"column":4},"end":{"line":28,"column":11}},"5":{"start":{"line":16,"column":12},"end":{"line":16,"column":33}},"6":{"start":{"line":17,"column":12},"end":{"line":20,"column":15}},"7":{"start":{"line":23,"column":12},"end":{"line":23,"column":33}},"8":{"start":{"line":24,"column":12},"end":{"line":27,"column":15}},"9":{"start":{"line":31,"column":25},"end":{"line":37,"column":1}},"10":{"start":{"line":32,"column":26},"end":{"line":32,"column":42}},"11":{"start":{"line":34,"column":4},"end":{"line":34,"column":49}},"12":{"start":{"line":36,"column":4},"end":{"line":36,"column":25}},"13":{"start":{"line":39,"column":0},"end":{"line":41,"column":2}}},"fnMap":{"0":{"name":"(anonymous_0)","decl":{"start":{"line":12,"column":23},"end":{"line":12,"column":24}},"loc":{"start":{"line":12,"column":46},"end":{"line":29,"column":1}},"line":12},"1":{"name":"(anonymous_1)","decl":{"start":{"line":15,"column":14},"end":{"line":15,"column":15}},"loc":{"start":{"line":15,"column":22},"end":{"line":21,"column":9}},"line":15},"2":{"name":"(anonymous_2)","decl":{"start":{"line":22,"column":15},"end":{"line":22,"column":16}},"loc":{"start":{"line":22,"column":20},"end":{"line":28,"column":9}},"line":22},"3":{"name":"(anonymous_3)","decl":{"start":{"line":31,"column":25},"end":{"line":31,"column":26}},"loc":{"start":{"line":31,"column":30},"end":{"line":37,"column":1}},"line":31}},"branchMap":{},"s":{"0":1,"1":1,"2":1,"3":0,"4":0,"5":0,"6":0,"7":0,"8":0,"9":1,"10":0,"11":0,"12":0,"13":1},"f":{"0":0,"1":0,"2":0,"3":0},"b":{},"_coverageSchema":"43e27e138ebf9cfc5966b082cf9a028302ed4184","hash":"2fd53021e281e57542370d3d064c40f4a667ea43"}
,"/Users/joserodriguez/Documents/pursuitCore/capstone/backend/backend_server/routes/recipe.js": {"path":"/Users/joserodriguez/Documents/pursuitCore/capstone/backend/backend_server/routes/recipe.js","statementMap":{"0":{"start":{"line":7,"column":16},"end":{"line":7,"column":34}},"1":{"start":{"line":10,"column":23},"end":{"line":10,"column":53}},"2":{"start":{"line":12,"column":22},"end":{"line":27,"column":1}},"3":{"start":{"line":13,"column":18},"end":{"line":13,"column":32}},"4":{"start":{"line":14,"column":4},"end":{"line":26,"column":11}},"5":{"start":{"line":16,"column":12},"end":{"line":19,"column":15}},"6":{"start":{"line":22,"column":12},"end":{"line":25,"column":15}},"7":{"start":{"line":29,"column":24},"end":{"line":35,"column":1}},"8":{"start":{"line":30,"column":25},"end":{"line":30,"column":41}},"9":{"start":{"line":32,"column":4},"end":{"line":32,"column":44}},"10":{"start":{"line":34,"column":4},"end":{"line":34,"column":24}},"11":{"start":{"line":37,"column":0},"end":{"line":39,"column":2}}},"fnMap":{"0":{"name":"(anonymous_0)","decl":{"start":{"line":12,"column":22},"end":{"line":12,"column":23}},"loc":{"start":{"line":12,"column":45},"end":{"line":27,"column":1}},"line":12},"1":{"name":"(anonymous_1)","decl":{"start":{"line":15,"column":14},"end":{"line":15,"column":15}},"loc":{"start":{"line":15,"column":22},"end":{"line":20,"column":9}},"line":15},"2":{"name":"(anonymous_2)","decl":{"start":{"line":21,"column":15},"end":{"line":21,"column":16}},"loc":{"start":{"line":21,"column":20},"end":{"line":26,"column":9}},"line":21},"3":{"name":"(anonymous_3)","decl":{"start":{"line":29,"column":24},"end":{"line":29,"column":25}},"loc":{"start":{"line":29,"column":29},"end":{"line":35,"column":1}},"line":29}},"branchMap":{},"s":{"0":1,"1":1,"2":1,"3":0,"4":0,"5":0,"6":0,"7":1,"8":0,"9":0,"10":0,"11":1},"f":{"0":0,"1":0,"2":0,"3":0},"b":{},"_coverageSchema":"43e27e138ebf9cfc5966b082cf9a028302ed4184","hash":"209b4c15126b65dd0e1b98a6fe52098890ee06e3"}
,"/Users/joserodriguez/Documents/pursuitCore/capstone/backend/backend_server/routes/user.js": {"path":"/Users/joserodriguez/Documents/pursuitCore/capstone/backend/backend_server/routes/user.js","statementMap":{"0":{"start":{"line":7,"column":16},"end":{"line":7,"column":34}},"1":{"start":{"line":10,"column":21},"end":{"line":10,"column":49}},"2":{"start":{"line":12,"column":20},"end":{"line":27,"column":1}},"3":{"start":{"line":13,"column":18},"end":{"line":13,"column":32}},"4":{"start":{"line":14,"column":4},"end":{"line":26,"column":11}},"5":{"start":{"line":16,"column":12},"end":{"line":19,"column":15}},"6":{"start":{"line":22,"column":12},"end":{"line":25,"column":15}},"7":{"start":{"line":29,"column":23},"end":{"line":44,"column":1}},"8":{"start":{"line":30,"column":21},"end":{"line":30,"column":35}},"9":{"start":{"line":31,"column":4},"end":{"line":43,"column":11}},"10":{"start":{"line":33,"column":12},"end":{"line":36,"column":15}},"11":{"start":{"line":39,"column":12},"end":{"line":42,"column":15}},"12":{"start":{"line":46,"column":22},"end":{"line":53,"column":1}},"13":{"start":{"line":47,"column":23},"end":{"line":47,"column":39}},"14":{"start":{"line":49,"column":4},"end":{"line":49,"column":43}},"15":{"start":{"line":50,"column":4},"end":{"line":50,"column":52}},"16":{"start":{"line":52,"column":4},"end":{"line":52,"column":22}},"17":{"start":{"line":55,"column":0},"end":{"line":57,"column":2}}},"fnMap":{"0":{"name":"(anonymous_0)","decl":{"start":{"line":12,"column":20},"end":{"line":12,"column":21}},"loc":{"start":{"line":12,"column":43},"end":{"line":27,"column":1}},"line":12},"1":{"name":"(anonymous_1)","decl":{"start":{"line":15,"column":14},"end":{"line":15,"column":15}},"loc":{"start":{"line":15,"column":22},"end":{"line":20,"column":9}},"line":15},"2":{"name":"(anonymous_2)","decl":{"start":{"line":21,"column":15},"end":{"line":21,"column":16}},"loc":{"start":{"line":21,"column":20},"end":{"line":26,"column":9}},"line":21},"3":{"name":"(anonymous_3)","decl":{"start":{"line":29,"column":23},"end":{"line":29,"column":24}},"loc":{"start":{"line":29,"column":46},"end":{"line":44,"column":1}},"line":29},"4":{"name":"(anonymous_4)","decl":{"start":{"line":32,"column":14},"end":{"line":32,"column":15}},"loc":{"start":{"line":32,"column":22},"end":{"line":37,"column":9}},"line":32},"5":{"name":"(anonymous_5)","decl":{"start":{"line":38,"column":15},"end":{"line":38,"column":16}},"loc":{"start":{"line":38,"column":20},"end":{"line":43,"column":9}},"line":38},"6":{"name":"(anonymous_6)","decl":{"start":{"line":46,"column":22},"end":{"line":46,"column":23}},"loc":{"start":{"line":46,"column":27},"end":{"line":53,"column":1}},"line":46}},"branchMap":{},"s":{"0":1,"1":1,"2":1,"3":0,"4":0,"5":0,"6":0,"7":1,"8":0,"9":0,"10":0,"11":0,"12":1,"13":0,"14":0,"15":0,"16":0,"17":1},"f":{"0":0,"1":0,"2":0,"3":0,"4":0,"5":0,"6":0},"b":{},"_coverageSchema":"43e27e138ebf9cfc5966b082cf9a028302ed4184","hash":"bab97efcca71bece1eaa2395637eed0915f3e8ca"}
,"/Users/joserodriguez/Documents/pursuitCore/capstone/backend/backend_server/services/products.js": {"path":"/Users/joserodriguez/Documents/pursuitCore/capstone/backend/backend_server/services/products.js","statementMap":{"0":{"start":{"line":2,"column":21},"end":{"line":2,"column":39}},"1":{"start":{"line":3,"column":18},"end":{"line":3,"column":40}},"2":{"start":{"line":6,"column":23},"end":{"line":12,"column":1}},"3":{"start":{"line":6,"column":29},"end":{"line":12,"column":1}},"4":{"start":{"line":14,"column":0},"end":{"line":16,"column":2}}},"fnMap":{"0":{"name":"(anonymous_0)","decl":{"start":{"line":6,"column":23},"end":{"line":6,"column":24}},"loc":{"start":{"line":6,"column":29},"end":{"line":12,"column":1}},"line":6}},"branchMap":{},"s":{"0":1,"1":1,"2":1,"3":0,"4":1},"f":{"0":0},"b":{},"_coverageSchema":"43e27e138ebf9cfc5966b082cf9a028302ed4184","hash":"d5f01849eea548f4d48c558583a6b0449cb5eb0f"}
,"/Users/joserodriguez/Documents/pursuitCore/capstone/backend/backend_server/services/recipes.js": {"path":"/Users/joserodriguez/Documents/pursuitCore/capstone/backend/backend_server/services/recipes.js","statementMap":{"0":{"start":{"line":2,"column":21},"end":{"line":2,"column":39}},"1":{"start":{"line":3,"column":18},"end":{"line":3,"column":40}},"2":{"start":{"line":6,"column":22},"end":{"line":15,"column":1}},"3":{"start":{"line":6,"column":28},"end":{"line":15,"column":1}},"4":{"start":{"line":17,"column":0},"end":{"line":19,"column":2}}},"fnMap":{"0":{"name":"(anonymous_0)","decl":{"start":{"line":6,"column":22},"end":{"line":6,"column":23}},"loc":{"start":{"line":6,"column":28},"end":{"line":15,"column":1}},"line":6}},"branchMap":{},"s":{"0":1,"1":1,"2":1,"3":0,"4":1},"f":{"0":0},"b":{},"_coverageSchema":"43e27e138ebf9cfc5966b082cf9a028302ed4184","hash":"86d47f754f724907d5cd9d3decddaa00e43c7207"}
,"/Users/joserodriguez/Documents/pursuitCore/capstone/backend/backend_server/services/users.js": {"path":"/Users/joserodriguez/Documents/pursuitCore/capstone/backend/backend_server/services/users.js","statementMap":{"0":{"start":{"line":2,"column":21},"end":{"line":2,"column":39}},"1":{"start":{"line":3,"column":18},"end":{"line":3,"column":40}},"2":{"start":{"line":6,"column":20},"end":{"line":10,"column":1}},"3":{"start":{"line":6,"column":26},"end":{"line":10,"column":1}},"4":{"start":{"line":12,"column":23},"end":{"line":16,"column":1}},"5":{"start":{"line":12,"column":32},"end":{"line":16,"column":1}},"6":{"start":{"line":18,"column":0},"end":{"line":21,"column":2}}},"fnMap":{"0":{"name":"(anonymous_0)","decl":{"start":{"line":6,"column":20},"end":{"line":6,"column":21}},"loc":{"start":{"line":6,"column":26},"end":{"line":10,"column":1}},"line":6},"1":{"name":"(anonymous_1)","decl":{"start":{"line":12,"column":23},"end":{"line":12,"column":24}},"loc":{"start":{"line":12,"column":32},"end":{"line":16,"column":1}},"line":12}},"branchMap":{},"s":{"0":1,"1":1,"2":1,"3":0,"4":1,"5":0,"6":1},"f":{"0":0,"1":0},"b":{},"_coverageSchema":"43e27e138ebf9cfc5966b082cf9a028302ed4184","hash":"132310091588d23323989a5d6acc4c4237b744dc"}
,"/Users/joserodriguez/Documents/pursuitCore/capstone/backend/backend_server/services/db/config.js": {"path":"/Users/joserodriguez/Documents/pursuitCore/capstone/backend/backend_server/services/db/config.js","statementMap":{"0":{"start":{"line":2,"column":15},"end":{"line":2,"column":34}},"1":{"start":{"line":3,"column":15},"end":{"line":3,"column":47}},"2":{"start":{"line":5,"column":0},"end":{"line":7,"column":2}}},"fnMap":{},"branchMap":{},"s":{"0":3,"1":3,"2":3},"f":{},"b":{},"_coverageSchema":"43e27e138ebf9cfc5966b082cf9a028302ed4184","hash":"b8d3f6610c421d01bca799a8e43579c0615165f4"}
,"/Users/joserodriguez/Documents/pursuitCore/capstone/backend/backend_server/services/db/db.js": {"path":"/Users/joserodriguez/Documents/pursuitCore/capstone/backend/backend_server/services/db/db.js","statementMap":{"0":{"start":{"line":2,"column":12},"end":{"line":2,"column":33}},"1":{"start":{"line":5,"column":18},"end":{"line":13,"column":4}},"2":{"start":{"line":6,"column":17},"end":{"line":6,"column":21}},"3":{"start":{"line":7,"column":4},"end":{"line":12,"column":6}},"4":{"start":{"line":8,"column":8},"end":{"line":10,"column":9}},"5":{"start":{"line":9,"column":12},"end":{"line":9,"column":37}},"6":{"start":{"line":11,"column":8},"end":{"line":11,"column":22}},"7":{"start":{"line":15,"column":0},"end":{"line":17,"column":2}}},"fnMap":{"0":{"name":"(anonymous_0)","decl":{"start":{"line":5,"column":19},"end":{"line":5,"column":20}},"loc":{"start":{"line":5,"column":24},"end":{"line":13,"column":1}},"line":5},"1":{"name":"(anonymous_1)","decl":{"start":{"line":7,"column":11},"end":{"line":7,"column":12}},"loc":{"start":{"line":7,"column":21},"end":{"line":12,"column":5}},"line":7}},"branchMap":{"0":{"loc":{"start":{"line":8,"column":8},"end":{"line":10,"column":9}},"type":"if","locations":[{"start":{"line":8,"column":8},"end":{"line":10,"column":9}},{"start":{"line":8,"column":8},"end":{"line":10,"column":9}}],"line":8}},"s":{"0":3,"1":3,"2":3,"3":3,"4":0,"5":0,"6":0,"7":3},"f":{"0":3,"1":0},"b":{"0":[0,0]},"_coverageSchema":"43e27e138ebf9cfc5966b082cf9a028302ed4184","hash":"4314acbac23e2073069e58d2cfb336945cb47f7a"}
}
