TN:
SF:/Users/joserodriguez/Documents/pursuitCore/capstone/backend/backend_server/app.js
FN:12,(anonymous_0)
FNF:1
FNH:1
FNDA:1,(anonymous_0)
DA:2,1
DA:3,1
DA:4,1
DA:7,1
DA:8,1
DA:9,1
DA:12,1
DA:13,1
DA:15,1
DA:16,1
DA:18,1
DA:19,1
DA:20,1
DA:22,1
DA:25,1
LF:15
LH:15
BRF:0
BRH:0
end_of_record
TN:
SF:/Users/joserodriguez/Documents/pursuitCore/capstone/backend/backend_server/routes/product.js
FN:12,(anonymous_0)
FN:15,(anonymous_1)
FN:22,(anonymous_2)
FN:31,(anonymous_3)
FNF:4
FNH:0
FNDA:0,(anonymous_0)
FNDA:0,(anonymous_1)
FNDA:0,(anonymous_2)
FNDA:0,(anonymous_3)
DA:7,1
DA:10,1
DA:12,1
DA:13,0
DA:14,0
DA:16,0
DA:17,0
DA:23,0
DA:24,0
DA:31,1
DA:32,0
DA:34,0
DA:36,0
DA:39,1
LF:14
LH:5
BRF:0
BRH:0
end_of_record
TN:
SF:/Users/joserodriguez/Documents/pursuitCore/capstone/backend/backend_server/routes/recipe.js
FN:12,(anonymous_0)
FN:15,(anonymous_1)
FN:21,(anonymous_2)
FN:29,(anonymous_3)
FNF:4
FNH:0
FNDA:0,(anonymous_0)
FNDA:0,(anonymous_1)
FNDA:0,(anonymous_2)
FNDA:0,(anonymous_3)
DA:7,1
DA:10,1
DA:12,1
DA:13,0
DA:14,0
DA:16,0
DA:22,0
DA:29,1
DA:30,0
DA:32,0
DA:34,0
DA:37,1
LF:12
LH:5
BRF:0
BRH:0
end_of_record
TN:
SF:/Users/joserodriguez/Documents/pursuitCore/capstone/backend/backend_server/routes/user.js
FN:12,(anonymous_0)
FN:15,(anonymous_1)
FN:21,(anonymous_2)
FN:29,(anonymous_3)
FN:32,(anonymous_4)
FN:38,(anonymous_5)
FN:46,(anonymous_6)
FNF:7
FNH:0
FNDA:0,(anonymous_0)
FNDA:0,(anonymous_1)
FNDA:0,(anonymous_2)
FNDA:0,(anonymous_3)
FNDA:0,(anonymous_4)
FNDA:0,(anonymous_5)
FNDA:0,(anonymous_6)
DA:7,1
DA:10,1
DA:12,1
DA:13,0
DA:14,0
DA:16,0
DA:22,0
DA:29,1
DA:30,0
DA:31,0
DA:33,0
DA:39,0
DA:46,1
DA:47,0
DA:49,0
DA:50,0
DA:52,0
DA:55,1
LF:18
LH:6
BRF:0
BRH:0
end_of_record
TN:
SF:/Users/joserodriguez/Documents/pursuitCore/capstone/backend/backend_server/services/products.js
FN:6,(anonymous_0)
FNF:1
FNH:0
FNDA:0,(anonymous_0)
DA:2,1
DA:3,1
DA:6,1
DA:14,1
LF:4
LH:4
BRF:0
BRH:0
end_of_record
TN:
SF:/Users/joserodriguez/Documents/pursuitCore/capstone/backend/backend_server/services/recipes.js
FN:6,(anonymous_0)
FNF:1
FNH:0
FNDA:0,(anonymous_0)
DA:2,1
DA:3,1
DA:6,1
DA:17,1
LF:4
LH:4
BRF:0
BRH:0
end_of_record
TN:
SF:/Users/joserodriguez/Documents/pursuitCore/capstone/backend/backend_server/services/users.js
FN:6,(anonymous_0)
FN:12,(anonymous_1)
FNF:2
FNH:0
FNDA:0,(anonymous_0)
FNDA:0,(anonymous_1)
DA:2,1
DA:3,1
DA:6,1
DA:12,1
DA:18,1
LF:5
LH:5
BRF:0
BRH:0
end_of_record
TN:
SF:/Users/joserodriguez/Documents/pursuitCore/capstone/backend/backend_server/services/db/config.js
FNF:0
FNH:0
DA:2,3
DA:3,3
DA:5,3
LF:3
LH:3
BRF:0
BRH:0
end_of_record
TN:
SF:/Users/joserodriguez/Documents/pursuitCore/capstone/backend/backend_server/services/db/db.js
FN:5,(anonymous_0)
FN:7,(anonymous_1)
FNF:2
FNH:1
FNDA:3,(anonymous_0)
FNDA:0,(anonymous_1)
DA:2,3
DA:5,3
DA:6,3
DA:7,3
DA:8,0
DA:9,0
DA:11,0
DA:15,3
LF:8
LH:5
BRDA:8,0,0,0
BRDA:8,0,1,0
BRF:2
BRH:0
end_of_record
